#
# There is insufficient memory for the Java Runtime Environment to continue.
# Native memory allocation (malloc) failed to allocate 32744 bytes for ChunkPool::allocate
# Possible reasons:
#   The system is out of physical RAM or swap space
#   The process is running with CompressedOops enabled, and the Java Heap may be blocking the growth of the native heap
# Possible solutions:
#   Reduce memory load on the system
#   Increase physical memory or swap space
#   Check if swap backing store is full
#   Decrease Java heap size (-Xmx/-Xms)
#   Decrease number of Java threads
#   Decrease Java thread stack sizes (-Xss)
#   Set larger code cache with -XX:ReservedCodeCacheSize=
#   JVM is running with Unscaled Compressed Oops mode in which the Java heap is
#     placed in the first 4GB address space. The Java Heap base address is the
#     maximum limit for the native heap growth. Please use -XX:HeapBaseMinAddress
#     to set the Java Heap base and to place the Java Heap above 4GB virtual address.
# This output file may be truncated or incomplete.
#
#  Out of Memory Error (arena.cpp:79), pid=15352, tid=19272
#
# JRE version: OpenJDK Runtime Environment Temurin-17.0.10+7 (17.0.10+7) (build 17.0.10+7)
# Java VM: OpenJDK 64-Bit Server VM Temurin-17.0.10+7 (17.0.10+7, mixed mode, tiered, compressed oops, compressed class ptrs, parallel gc, windows-amd64)
# No core dump will be written. Minidumps are not enabled by default on client versions of Windows
#

---------------  S U M M A R Y ------------

Command Line: --add-modules=ALL-SYSTEM --add-opens=java.base/java.util=ALL-UNNAMED --add-opens=java.base/java.lang=ALL-UNNAMED --add-opens=java.base/sun.nio.fs=ALL-UNNAMED -Declipse.application=org.eclipse.jdt.ls.core.id1 -Dosgi.bundles.defaultStartLevel=4 -Declipse.product=org.eclipse.jdt.ls.core.product -Djava.import.generatesMetadataFilesAtProjectRoot=false -DDetectVMInstallationsJob.disabled=true -Dfile.encoding=utf8 -XX:+UseParallelGC -XX:GCTimeRatio=4 -XX:AdaptiveSizePolicyWeight=90 -Dsun.zip.disableMemoryMapping=true -Xmx1G -Xms100m -Xlog:disable -javaagent:c:\Users\raguv\.vscode\extensions\redhat.java-1.28.1-win32-x64\lombok\lombok-1.18.31.jar -XX:+HeapDumpOnOutOfMemoryError -XX:HeapDumpPath=c:\Users\raguv\AppData\Roaming\Code\User\workspaceStorage\d74ad7e08b1ee2bbc59e06258383c57d\redhat.java -Daether.dependencyCollector.impl=bf c:\Users\raguv\.vscode\extensions\redhat.java-1.28.1-win32-x64\server\plugins\org.eclipse.equinox.launcher_1.6.700.v20231214-2017.jar -configuration c:\Users\raguv\AppData\Roaming\Code\User\globalStorage\redhat.java\1.28.1\config_win -data c:\Users\raguv\AppData\Roaming\Code\User\workspaceStorage\d74ad7e08b1ee2bbc59e06258383c57d\redhat.java\jdt_ws --stdio

Host: 11th Gen Intel(R) Core(TM) i7-11800H @ 2.30GHz, 16 cores, 15G,  Windows 11 , 64 bit Build 22621 (10.0.22621.3085)
Time: Thu Mar  7 13:26:54 2024 India Standard Time elapsed time: 66.000411 seconds (0d 0h 1m 6s)

---------------  T H R E A D  ---------------

Current thread (0x0000023baf9d9710):  JavaThread "C2 CompilerThread0" daemon [_thread_in_native, id=19272, stack(0x0000009758e00000,0x0000009758f00000)]


Current CompileTask:
C2:  66000 7360       4       java.util.HashMap::putVal (300 bytes)

Stack: [0x0000009758e00000,0x0000009758f00000]
Native frames: (J=compiled Java code, j=interpreted, Vv=VM code, C=native code)
V  [jvm.dll+0x67d2c9]
V  [jvm.dll+0x834afa]
V  [jvm.dll+0x8365be]
V  [jvm.dll+0x836c23]
V  [jvm.dll+0x2477ff]
V  [jvm.dll+0xac711]
V  [jvm.dll+0xacb5c]
V  [jvm.dll+0x6597a3]
V  [jvm.dll+0x753a88]
V  [jvm.dll+0x752e9f]
V  [jvm.dll+0x598c3b]
V  [jvm.dll+0x58537a]
V  [jvm.dll+0x2228a2]
V  [jvm.dll+0x21b942]
V  [jvm.dll+0x219201]
V  [jvm.dll+0x1a502d]
V  [jvm.dll+0x2290de]
V  [jvm.dll+0x2272ac]
V  [jvm.dll+0x7e9bb7]
V  [jvm.dll+0x7e3fba]
V  [jvm.dll+0x67c1b5]
C  [ucrtbase.dll+0x29363]
C  [KERNEL32.DLL+0x1257d]
C  [ntdll.dll+0x5aa58]


---------------  P R O C E S S  ---------------

Threads class SMR info:
_java_thread_list=0x0000023bb4092f50, length=31, elements={
0x0000023b96a06280, 0x0000023baa88e020, 0x0000023baa88eaf0, 0x0000023baf9a23e0,
0x0000023baf9a2eb0, 0x0000023baf9d07b0, 0x0000023baf9d1280, 0x0000023baf9d9710,
0x0000023baf9df030, 0x0000023baf9e8110, 0x0000023b96a69e00, 0x0000023bb1b38a30,
0x0000023bb25d0b50, 0x0000023bb2666d80, 0x0000023bb2667260, 0x0000023bb2fff5b0,
0x0000023bb2dacce0, 0x0000023bb2dabdb0, 0x0000023bb2dae120, 0x0000023bb2dad700,
0x0000023bb2dadc10, 0x0000023bb2daae80, 0x0000023bb2dac2c0, 0x0000023bb2dab8a0,
0x0000023bb3c275a0, 0x0000023bb3c26670, 0x0000023bb3c27ab0, 0x0000023bb5b4f610,
0x0000023bb5b49120, 0x0000023bb5b4eb70, 0x0000023bb5b4e0d0
}

Java Threads: ( => current thread )
  0x0000023b96a06280 JavaThread "main" [_thread_blocked, id=9616, stack(0x0000009758500000,0x0000009758600000)]
  0x0000023baa88e020 JavaThread "Reference Handler" daemon [_thread_blocked, id=7816, stack(0x0000009758800000,0x0000009758900000)]
  0x0000023baa88eaf0 JavaThread "Finalizer" daemon [_thread_blocked, id=7424, stack(0x0000009758900000,0x0000009758a00000)]
  0x0000023baf9a23e0 JavaThread "Signal Dispatcher" daemon [_thread_blocked, id=11540, stack(0x0000009758a00000,0x0000009758b00000)]
  0x0000023baf9a2eb0 JavaThread "Attach Listener" daemon [_thread_blocked, id=13564, stack(0x0000009758b00000,0x0000009758c00000)]
  0x0000023baf9d07b0 JavaThread "Service Thread" daemon [_thread_blocked, id=12252, stack(0x0000009758c00000,0x0000009758d00000)]
  0x0000023baf9d1280 JavaThread "Monitor Deflation Thread" daemon [_thread_blocked, id=20224, stack(0x0000009758d00000,0x0000009758e00000)]
=>0x0000023baf9d9710 JavaThread "C2 CompilerThread0" daemon [_thread_in_native, id=19272, stack(0x0000009758e00000,0x0000009758f00000)]
  0x0000023baf9df030 JavaThread "C1 CompilerThread0" daemon [_thread_blocked, id=5428, stack(0x0000009758f00000,0x0000009759000000)]
  0x0000023baf9e8110 JavaThread "Sweeper thread" daemon [_thread_blocked, id=6960, stack(0x0000009759000000,0x0000009759100000)]
  0x0000023b96a69e00 JavaThread "Common-Cleaner" daemon [_thread_blocked, id=11988, stack(0x0000009759100000,0x0000009759200000)]
  0x0000023bb1b38a30 JavaThread "Notification Thread" daemon [_thread_blocked, id=8016, stack(0x0000009759600000,0x0000009759700000)]
  0x0000023bb25d0b50 JavaThread "Active Thread: Equinox Container: 304e8fae-8c07-490c-a4a9-d6e95086d2bc" [_thread_in_native, id=9880, stack(0x000000975a300000,0x000000975a400000)]
  0x0000023bb2666d80 JavaThread "Framework Event Dispatcher: Equinox Container: 304e8fae-8c07-490c-a4a9-d6e95086d2bc" daemon [_thread_blocked, id=4024, stack(0x000000975a400000,0x000000975a500000)]
  0x0000023bb2667260 JavaThread "Start Level: Equinox Container: 304e8fae-8c07-490c-a4a9-d6e95086d2bc" daemon [_thread_blocked, id=18428, stack(0x000000975a500000,0x000000975a600000)]
  0x0000023bb2fff5b0 JavaThread "Bundle File Closer" daemon [_thread_blocked, id=1780, stack(0x000000975a800000,0x000000975a900000)]
  0x0000023bb2dacce0 JavaThread "SCR Component Actor" daemon [_thread_blocked, id=17096, stack(0x000000975aa00000,0x000000975ab00000)]
  0x0000023bb2dabdb0 JavaThread "Worker-JM" [_thread_blocked, id=8556, stack(0x000000975ae00000,0x000000975af00000)]
  0x0000023bb2dae120 JavaThread "Worker-0: Java indexing... " [_thread_blocked, id=6508, stack(0x000000975b000000,0x000000975b100000)]
  0x0000023bb2dad700 JavaThread "Worker-1: Initialize Workspace" [_thread_blocked, id=11044, stack(0x000000975b100000,0x000000975b200000)]
  0x0000023bb2dadc10 JavaThread "Java indexing" daemon [_thread_in_Java, id=17968, stack(0x000000975b300000,0x000000975b400000)]
  0x0000023bb2daae80 JavaThread "JNA Cleaner" daemon [_thread_blocked, id=14296, stack(0x000000975b400000,0x000000975b500000)]
  0x0000023bb2dac2c0 JavaThread "pool-2-thread-1" [_thread_blocked, id=13180, stack(0x000000975b500000,0x000000975b600000)]
  0x0000023bb2dab8a0 JavaThread "WorkspaceEventsHandler" [_thread_blocked, id=16036, stack(0x000000975b600000,0x000000975b700000)]
  0x0000023bb3c275a0 JavaThread "Worker-2" [_thread_blocked, id=15180, stack(0x000000975b800000,0x000000975b900000)]
  0x0000023bb3c26670 JavaThread "Worker-3: Shutdown..." [_thread_blocked, id=15724, stack(0x000000975b900000,0x000000975ba00000)]
  0x0000023bb3c27ab0 JavaThread "pool-4-thread-1" [_thread_blocked, id=9120, stack(0x0000009759400000,0x0000009759500000)]
  0x0000023bb5b4f610 JavaThread "C2 CompilerThread1" daemon [_thread_in_vm, id=18536, stack(0x0000009758200000,0x0000009758300000)]
  0x0000023bb5b49120 JavaThread "C2 CompilerThread2" daemon [_thread_in_native, id=19856, stack(0x0000009758300000,0x0000009758400000)]
  0x0000023bb5b4eb70 JavaThread "C1 CompilerThread1" daemon [_thread_blocked, id=7892, stack(0x0000009758400000,0x0000009758500000)]
  0x0000023bb5b4e0d0 JavaThread "C2 CompilerThread3" daemon [_thread_in_native, id=14756, stack(0x0000009759500000,0x0000009759600000)]

Other Threads:
  0x0000023b96aa8b80 VMThread "VM Thread" [stack: 0x0000009758700000,0x0000009758800000] [id=8316]
  0x0000023bb1b151a0 WatcherThread [stack: 0x0000009759700000,0x0000009759800000] [id=14800]
  0x0000023b96a1bdf0 GCTaskThread "GC Thread#0" [stack: 0x0000009758600000,0x0000009758700000] [id=8536]
  0x0000023bb2332d30 GCTaskThread "GC Thread#1" [stack: 0x0000009759e00000,0x0000009759f00000] [id=7604]
  0x0000023bb2608120 GCTaskThread "GC Thread#2" [stack: 0x0000009759f00000,0x000000975a000000] [id=15096]
  0x0000023bb1b2fc80 GCTaskThread "GC Thread#3" [stack: 0x000000975a000000,0x000000975a100000] [id=16004]
  0x0000023bb1b2ff40 GCTaskThread "GC Thread#4" [stack: 0x000000975a100000,0x000000975a200000] [id=12304]
  0x0000023bb2389b20 GCTaskThread "GC Thread#5" [stack: 0x000000975a200000,0x000000975a300000] [id=16976]
  0x0000023bb2ada370 GCTaskThread "GC Thread#6" [stack: 0x000000975a600000,0x000000975a700000] [id=6640]
  0x0000023bb2a9e010 GCTaskThread "GC Thread#7" [stack: 0x000000975a700000,0x000000975a800000] [id=17728]
  0x0000023bb302cde0 GCTaskThread "GC Thread#8" [stack: 0x000000975a900000,0x000000975aa00000] [id=8596]
  0x0000023bb2ae53f0 GCTaskThread "GC Thread#9" [stack: 0x000000975ac00000,0x000000975ad00000] [id=3220]
  0x0000023bb2ae5ac0 GCTaskThread "GC Thread#10" [stack: 0x000000975ad00000,0x000000975ae00000] [id=14672]
  0x0000023bb2ed1030 GCTaskThread "GC Thread#11" [stack: 0x000000975af00000,0x000000975b000000] [id=2080]
  0x0000023bb3133240 GCTaskThread "GC Thread#12" [stack: 0x000000975b200000,0x000000975b300000] [id=9176]

Threads with active compile tasks:
C2 CompilerThread0    66018 7360       4       java.util.HashMap::putVal (300 bytes)
C2 CompilerThread1    66018 7369       4       java.util.Collections$UnmodifiableMap::hashCode (10 bytes)
C2 CompilerThread2    66018 7350       4       java.io.DataOutputStream::writeInt (62 bytes)
C2 CompilerThread3    66018 7357       4       org.eclipse.osgi.container.ModuleDatabase$Persistence::writeString (99 bytes)

VM state: not at safepoint (normal execution)

VM Mutex/Monitor currently owned by a thread: None

Heap address: 0x00000000c0000000, size: 1024 MB, Compressed Oops mode: 32-bit

CDS archive(s) not mapped
Compressed class space mapped at: 0x0000000100000000-0x0000000140000000, reserved size: 1073741824
Narrow klass base: 0x0000000000000000, Narrow klass shift: 3, Narrow klass range: 0x140000000

GC Precious Log:
 CPUs: 16 total, 16 available
 Memory: 16085M
 Large Page Support: Disabled
 NUMA Support: Disabled
 Compressed Oops: Enabled (32-bit)
 Alignments: Space 512K, Generation 512K, Heap 2M
 Heap Min Capacity: 100M
 Heap Initial Capacity: 100M
 Heap Max Capacity: 1G
 Pre-touch: Disabled
 Parallel Workers: 13

Heap:
 PSYoungGen      total 14336K, used 8424K [0x00000000eab00000, 0x00000000ebc80000, 0x0000000100000000)
  eden space 11264K, 50% used [0x00000000eab00000,0x00000000eb0889e8,0x00000000eb600000)
  from space 3072K, 91% used [0x00000000eb600000,0x00000000eb8beeb0,0x00000000eb900000)
  to   space 2048K, 0% used [0x00000000eba80000,0x00000000eba80000,0x00000000ebc80000)
 ParOldGen       total 699392K, used 132013K [0x00000000c0000000, 0x00000000eab00000, 0x00000000eab00000)
  object space 699392K, 18% used [0x00000000c0000000,0x00000000c80eb408,0x00000000eab00000)
 Metaspace       used 54153K, committed 55168K, reserved 1114112K
  class space    used 5817K, committed 6272K, reserved 1048576K

Card table byte_map: [0x0000023b96390000,0x0000023b965a0000] _byte_map_base: 0x0000023b95d90000

Marking Bits: (ParMarkBitMap*) 0x00007fffe3c1d7d0
 Begin Bits: [0x0000023ba8690000, 0x0000023ba9690000)
 End Bits:   [0x0000023ba9690000, 0x0000023baa690000)

Polling page: 0x0000023b949a0000

Metaspace:

Usage:
  Non-class:     47.20 MB used.
      Class:      5.68 MB used.
       Both:     52.88 MB used.

Virtual space:
  Non-class space:       64.00 MB reserved,      47.75 MB ( 75%) committed,  1 nodes.
      Class space:        1.00 GB reserved,       6.12 MB ( <1%) committed,  1 nodes.
             Both:        1.06 GB reserved,      53.88 MB (  5%) committed. 

Chunk freelists:
   Non-Class:  208.00 KB
       Class:  9.88 MB
        Both:  10.08 MB

MaxMetaspaceSize: unlimited
CompressedClassSpaceSize: 1.00 GB
Initial GC threshold: 21.00 MB
Current GC threshold: 89.62 MB
CDS: off
MetaspaceReclaimPolicy: balanced
 - commit_granule_bytes: 65536.
 - commit_granule_words: 8192.
 - virtual_space_node_default_size: 8388608.
 - enlarge_chunks_in_place: 1.
 - new_chunks_are_fully_committed: 0.
 - uncommit_free_chunks: 1.
 - use_allocation_guard: 0.
 - handle_deallocations: 1.


Internal statistics:

num_allocs_failed_limit: 6.
num_arena_births: 478.
num_arena_deaths: 14.
num_vsnodes_births: 2.
num_vsnodes_deaths: 0.
num_space_committed: 862.
num_space_uncommitted: 0.
num_chunks_returned_to_freelist: 20.
num_chunks_taken_from_freelist: 2404.
num_chunk_merges: 5.
num_chunk_splits: 1574.
num_chunks_enlarged: 1059.
num_inconsistent_stats: 0.

CodeHeap 'non-profiled nmethods': size=119168Kb used=4695Kb max_used=5267Kb free=114473Kb
 bounds [0x0000023ba1230000, 0x0000023ba1770000, 0x0000023ba8690000]
CodeHeap 'profiled nmethods': size=119104Kb used=11703Kb max_used=13244Kb free=107400Kb
 bounds [0x0000023b99690000, 0x0000023b9a380000, 0x0000023ba0ae0000]
CodeHeap 'non-nmethods': size=7488Kb used=1871Kb max_used=3136Kb free=5616Kb
 bounds [0x0000023ba0ae0000, 0x0000023ba0e00000, 0x0000023ba1230000]
 total_blobs=6647 nmethods=6022 adapters=538
 compilation: enabled
              stopped_count=0, restarted_count=0
 full_count=0

Compilation events (20 events):
Event: 65.996 Thread 0x0000023bb5b4eb70 7361       3       org.eclipse.osgi.container.ModuleDatabase$Persistence::writeGenericInfo (73 bytes)
Event: 65.996 Thread 0x0000023bb5b4eb70 nmethod 7361 0x0000023b9a313710 code [0x0000023b9a313920, 0x0000023b9a313fb8]
Event: 65.996 Thread 0x0000023bb5b4eb70 7362       3       java.util.Collections$EmptyMap::equals (25 bytes)
Event: 65.996 Thread 0x0000023bb5b4eb70 nmethod 7362 0x0000023b9a341490 code [0x0000023b9a341640, 0x0000023b9a341aa8]
Event: 65.997 Thread 0x0000023bb5b4eb70 7363       3       java.util.Collections$SingletonList::hashCode (11 bytes)
Event: 65.997 Thread 0x0000023baf9df030 7364       3       org.eclipse.osgi.container.ModuleRevision::getModuleRequirements (9 bytes)
Event: 65.997 Thread 0x0000023bb5b4eb70 nmethod 7363 0x0000023b9978b310 code [0x0000023b9978b4c0, 0x0000023b9978b748]
Event: 65.997 Thread 0x0000023baf9df030 nmethod 7364 0x0000023b99c75510 code [0x0000023b99c756e0, 0x0000023b99c75ac8]
Event: 65.997 Thread 0x0000023baf9df030 7365       3       java.lang.Integer::numberOfTrailingZeros (80 bytes)
Event: 65.997 Thread 0x0000023baf9df030 nmethod 7365 0x0000023b997fff90 code [0x0000023b99800140, 0x0000023b998003b8]
Event: 65.997 Thread 0x0000023baf9df030 7366       3       java.lang.Long::numberOfTrailingZeros (26 bytes)
Event: 65.997 Thread 0x0000023baf9d9710 nmethod 7355 0x0000023ba145a810 code [0x0000023ba145a9c0, 0x0000023ba145ae58]
Event: 65.997 Thread 0x0000023baf9d9710 7360       4       java.util.HashMap::putVal (300 bytes)
Event: 65.997 Thread 0x0000023baf9df030 nmethod 7366 0x0000023b997ecb10 code [0x0000023b997eccc0, 0x0000023b997ece78]
Event: 65.997 Thread 0x0000023bb5b4f610 nmethod 7354 0x0000023ba1459c90 code [0x0000023ba1459e40, 0x0000023ba145a2d8]
Event: 65.997 Thread 0x0000023bb5b4f610 7359       4       java.util.AbstractMap::hashCode (45 bytes)
Event: 65.998 Thread 0x0000023baf9df030 7370       3       java.util.HashMap::values (25 bytes)
Event: 65.999 Thread 0x0000023baf9df030 nmethod 7370 0x0000023b99b15c10 code [0x0000023b99b15dc0, 0x0000023b99b160b8]
Event: 65.999 Thread 0x0000023bb5b4e0d0 7367       4       org.eclipse.osgi.internal.container.InternalUtils::asList (2 bytes)
Event: 65.999 Thread 0x0000023baf9df030 7371       3       org.eclipse.osgi.container.ModuleDatabase$Persistence::writeWire (147 bytes)

GC Heap History (20 events):
Event: 65.696 GC heap before
{Heap before GC invocations=1980 (full 1931):
 PSYoungGen      total 13312K, used 11264K [0x00000000eab00000, 0x00000000ebc80000, 0x0000000100000000)
  eden space 11264K, 100% used [0x00000000eab00000,0x00000000eb600000,0x00000000eb600000)
  from space 2048K, 0% used [0x00000000eba80000,0x00000000eba80000,0x00000000ebc80000)
  to   space 3072K, 0% used [0x00000000eb600000,0x00000000eb600000,0x00000000eb900000)
 ParOldGen       total 120320K, used 120314K [0x00000000c0000000, 0x00000000c7580000, 0x00000000eab00000)
  object space 120320K, 99% used [0x00000000c0000000,0x00000000c757e828,0x00000000c7580000)
 Metaspace       used 54114K, committed 55168K, reserved 1114112K
  class space    used 5817K, committed 6272K, reserved 1048576K
}
Event: 65.727 GC heap after
{Heap after GC invocations=1980 (full 1931):
 PSYoungGen      total 14336K, used 11264K [0x00000000eab00000, 0x00000000ebc80000, 0x0000000100000000)
  eden space 11264K, 100% used [0x00000000eab00000,0x00000000eb600000,0x00000000eb600000)
  from space 3072K, 0% used [0x00000000eb600000,0x00000000eb600000,0x00000000eb900000)
  to   space 2048K, 0% used [0x00000000eba80000,0x00000000eba80000,0x00000000ebc80000)
 ParOldGen       total 120320K, used 120311K [0x00000000c0000000, 0x00000000c7580000, 0x00000000eab00000)
  object space 120320K, 99% used [0x00000000c0000000,0x00000000c757dde8,0x00000000c7580000)
 Metaspace       used 54114K, committed 55168K, reserved 1114112K
  class space    used 5817K, committed 6272K, reserved 1048576K
}
Event: 65.727 GC heap before
{Heap before GC invocations=1981 (full 1932):
 PSYoungGen      total 14336K, used 11264K [0x00000000eab00000, 0x00000000ebc80000, 0x0000000100000000)
  eden space 11264K, 100% used [0x00000000eab00000,0x00000000eb600000,0x00000000eb600000)
  from space 3072K, 0% used [0x00000000eb600000,0x00000000eb600000,0x00000000eb900000)
  to   space 2048K, 0% used [0x00000000eba80000,0x00000000eba80000,0x00000000ebc80000)
 ParOldGen       total 120320K, used 120315K [0x00000000c0000000, 0x00000000c7580000, 0x00000000eab00000)
  object space 120320K, 99% used [0x00000000c0000000,0x00000000c757ec28,0x00000000c7580000)
 Metaspace       used 54114K, committed 55168K, reserved 1114112K
  class space    used 5817K, committed 6272K, reserved 1048576K
}
Event: 65.760 GC heap after
{Heap after GC invocations=1981 (full 1932):
 PSYoungGen      total 13312K, used 11264K [0x00000000eab00000, 0x00000000ebc80000, 0x0000000100000000)
  eden space 11264K, 100% used [0x00000000eab00000,0x00000000eb600000,0x00000000eb600000)
  from space 2048K, 0% used [0x00000000eba80000,0x00000000eba80000,0x00000000ebc80000)
  to   space 3072K, 0% used [0x00000000eb600000,0x00000000eb600000,0x00000000eb900000)
 ParOldGen       total 120320K, used 120311K [0x00000000c0000000, 0x00000000c7580000, 0x00000000eab00000)
  object space 120320K, 99% used [0x00000000c0000000,0x00000000c757de80,0x00000000c7580000)
 Metaspace       used 54114K, committed 55168K, reserved 1114112K
  class space    used 5817K, committed 6272K, reserved 1048576K
}
Event: 65.760 GC heap before
{Heap before GC invocations=1982 (full 1933):
 PSYoungGen      total 13312K, used 11264K [0x00000000eab00000, 0x00000000ebc80000, 0x0000000100000000)
  eden space 11264K, 100% used [0x00000000eab00000,0x00000000eb600000,0x00000000eb600000)
  from space 2048K, 0% used [0x00000000eba80000,0x00000000eba80000,0x00000000ebc80000)
  to   space 3072K, 0% used [0x00000000eb600000,0x00000000eb600000,0x00000000eb900000)
 ParOldGen       total 120320K, used 120314K [0x00000000c0000000, 0x00000000c7580000, 0x00000000eab00000)
  object space 120320K, 99% used [0x00000000c0000000,0x00000000c757e980,0x00000000c7580000)
 Metaspace       used 54114K, committed 55168K, reserved 1114112K
  class space    used 5817K, committed 6272K, reserved 1048576K
}
Event: 65.790 GC heap after
{Heap after GC invocations=1982 (full 1933):
 PSYoungGen      total 14336K, used 11264K [0x00000000eab00000, 0x00000000ebc80000, 0x0000000100000000)
  eden space 11264K, 100% used [0x00000000eab00000,0x00000000eb600000,0x00000000eb600000)
  from space 3072K, 0% used [0x00000000eb600000,0x00000000eb600000,0x00000000eb900000)
  to   space 2048K, 0% used [0x00000000eba80000,0x00000000eba80000,0x00000000ebc80000)
 ParOldGen       total 120320K, used 120306K [0x00000000c0000000, 0x00000000c7580000, 0x00000000eab00000)
  object space 120320K, 99% used [0x00000000c0000000,0x00000000c757c888,0x00000000c7580000)
 Metaspace       used 54114K, committed 55168K, reserved 1114112K
  class space    used 5817K, committed 6272K, reserved 1048576K
}
Event: 65.791 GC heap before
{Heap before GC invocations=1983 (full 1934):
 PSYoungGen      total 14336K, used 11264K [0x00000000eab00000, 0x00000000ebc80000, 0x0000000100000000)
  eden space 11264K, 100% used [0x00000000eab00000,0x00000000eb600000,0x00000000eb600000)
  from space 3072K, 0% used [0x00000000eb600000,0x00000000eb600000,0x00000000eb900000)
  to   space 2048K, 0% used [0x00000000eba80000,0x00000000eba80000,0x00000000ebc80000)
 ParOldGen       total 120320K, used 120316K [0x00000000c0000000, 0x00000000c7580000, 0x00000000eab00000)
  object space 120320K, 99% used [0x00000000c0000000,0x00000000c757f250,0x00000000c7580000)
 Metaspace       used 54114K, committed 55168K, reserved 1114112K
  class space    used 5817K, committed 6272K, reserved 1048576K
}
Event: 65.822 GC heap after
{Heap after GC invocations=1983 (full 1934):
 PSYoungGen      total 13312K, used 11264K [0x00000000eab00000, 0x00000000ebc80000, 0x0000000100000000)
  eden space 11264K, 100% used [0x00000000eab00000,0x00000000eb600000,0x00000000eb600000)
  from space 2048K, 0% used [0x00000000eba80000,0x00000000eba80000,0x00000000ebc80000)
  to   space 3072K, 0% used [0x00000000eb600000,0x00000000eb600000,0x00000000eb900000)
 ParOldGen       total 120320K, used 120314K [0x00000000c0000000, 0x00000000c7580000, 0x00000000eab00000)
  object space 120320K, 99% used [0x00000000c0000000,0x00000000c757eb58,0x00000000c7580000)
 Metaspace       used 54114K, committed 55168K, reserved 1114112K
  class space    used 5817K, committed 6272K, reserved 1048576K
}
Event: 65.823 GC heap before
{Heap before GC invocations=1984 (full 1935):
 PSYoungGen      total 13312K, used 11264K [0x00000000eab00000, 0x00000000ebc80000, 0x0000000100000000)
  eden space 11264K, 100% used [0x00000000eab00000,0x00000000eb600000,0x00000000eb600000)
  from space 2048K, 0% used [0x00000000eba80000,0x00000000eba80000,0x00000000ebc80000)
  to   space 3072K, 0% used [0x00000000eb600000,0x00000000eb600000,0x00000000eb900000)
 ParOldGen       total 120832K, used 120332K [0x00000000c0000000, 0x00000000c7600000, 0x00000000eab00000)
  object space 120832K, 99% used [0x00000000c0000000,0x00000000c7583188,0x00000000c7600000)
 Metaspace       used 54114K, committed 55168K, reserved 1114112K
  class space    used 5817K, committed 6272K, reserved 1048576K
}
Event: 65.853 GC heap after
{Heap after GC invocations=1984 (full 1935):
 PSYoungGen      total 14336K, used 11264K [0x00000000eab00000, 0x00000000ebc80000, 0x0000000100000000)
  eden space 11264K, 100% used [0x00000000eab00000,0x00000000eb600000,0x00000000eb600000)
  from space 3072K, 0% used [0x00000000eb600000,0x00000000eb600000,0x00000000eb900000)
  to   space 2048K, 0% used [0x00000000eba80000,0x00000000eba80000,0x00000000ebc80000)
 ParOldGen       total 120832K, used 120315K [0x00000000c0000000, 0x00000000c7600000, 0x00000000eab00000)
  object space 120832K, 99% used [0x00000000c0000000,0x00000000c757ec10,0x00000000c7600000)
 Metaspace       used 54114K, committed 55168K, reserved 1114112K
  class space    used 5817K, committed 6272K, reserved 1048576K
}
Event: 65.853 GC heap before
{Heap before GC invocations=1985 (full 1936):
 PSYoungGen      total 14336K, used 11264K [0x00000000eab00000, 0x00000000ebc80000, 0x0000000100000000)
  eden space 11264K, 100% used [0x00000000eab00000,0x00000000eb600000,0x00000000eb600000)
  from space 3072K, 0% used [0x00000000eb600000,0x00000000eb600000,0x00000000eb900000)
  to   space 2048K, 0% used [0x00000000eba80000,0x00000000eba80000,0x00000000ebc80000)
 ParOldGen       total 120832K, used 120320K [0x00000000c0000000, 0x00000000c7600000, 0x00000000eab00000)
  object space 120832K, 99% used [0x00000000c0000000,0x00000000c7580010,0x00000000c7600000)
 Metaspace       used 54114K, committed 55168K, reserved 1114112K
  class space    used 5817K, committed 6272K, reserved 1048576K
}
Event: 65.882 GC heap after
{Heap after GC invocations=1985 (full 1936):
 PSYoungGen      total 13312K, used 11264K [0x00000000eab00000, 0x00000000ebc80000, 0x0000000100000000)
  eden space 11264K, 100% used [0x00000000eab00000,0x00000000eb600000,0x00000000eb600000)
  from space 2048K, 0% used [0x00000000eba80000,0x00000000eba80000,0x00000000ebc80000)
  to   space 3072K, 0% used [0x00000000eb600000,0x00000000eb600000,0x00000000eb900000)
 ParOldGen       total 120832K, used 120318K [0x00000000c0000000, 0x00000000c7600000, 0x00000000eab00000)
  object space 120832K, 99% used [0x00000000c0000000,0x00000000c757fae8,0x00000000c7600000)
 Metaspace       used 54114K, committed 55168K, reserved 1114112K
  class space    used 5817K, committed 6272K, reserved 1048576K
}
Event: 65.883 GC heap before
{Heap before GC invocations=1986 (full 1937):
 PSYoungGen      total 13312K, used 11264K [0x00000000eab00000, 0x00000000ebc80000, 0x0000000100000000)
  eden space 11264K, 100% used [0x00000000eab00000,0x00000000eb600000,0x00000000eb600000)
  from space 2048K, 0% used [0x00000000eba80000,0x00000000eba80000,0x00000000ebc80000)
  to   space 3072K, 0% used [0x00000000eb600000,0x00000000eb600000,0x00000000eb900000)
 ParOldGen       total 120832K, used 120321K [0x00000000c0000000, 0x00000000c7600000, 0x00000000eab00000)
  object space 120832K, 99% used [0x00000000c0000000,0x00000000c7580630,0x00000000c7600000)
 Metaspace       used 54114K, committed 55168K, reserved 1114112K
  class space    used 5817K, committed 6272K, reserved 1048576K
}
Event: 65.913 GC heap after
{Heap after GC invocations=1986 (full 1937):
 PSYoungGen      total 14336K, used 11264K [0x00000000eab00000, 0x00000000ebc80000, 0x0000000100000000)
  eden space 11264K, 100% used [0x00000000eab00000,0x00000000eb600000,0x00000000eb600000)
  from space 3072K, 0% used [0x00000000eb600000,0x00000000eb600000,0x00000000eb900000)
  to   space 2048K, 0% used [0x00000000eba80000,0x00000000eba80000,0x00000000ebc80000)
 ParOldGen       total 120832K, used 120320K [0x00000000c0000000, 0x00000000c7600000, 0x00000000eab00000)
  object space 120832K, 99% used [0x00000000c0000000,0x00000000c75800a0,0x00000000c7600000)
 Metaspace       used 54114K, committed 55168K, reserved 1114112K
  class space    used 5817K, committed 6272K, reserved 1048576K
}
Event: 65.913 GC heap before
{Heap before GC invocations=1987 (full 1938):
 PSYoungGen      total 14336K, used 11264K [0x00000000eab00000, 0x00000000ebc80000, 0x0000000100000000)
  eden space 11264K, 100% used [0x00000000eab00000,0x00000000eb600000,0x00000000eb600000)
  from space 3072K, 0% used [0x00000000eb600000,0x00000000eb600000,0x00000000eb900000)
  to   space 2048K, 0% used [0x00000000eba80000,0x00000000eba80000,0x00000000ebc80000)
 ParOldGen       total 120832K, used 120323K [0x00000000c0000000, 0x00000000c7600000, 0x00000000eab00000)
  object space 120832K, 99% used [0x00000000c0000000,0x00000000c7580c18,0x00000000c7600000)
 Metaspace       used 54114K, committed 55168K, reserved 1114112K
  class space    used 5817K, committed 6272K, reserved 1048576K
}
Event: 65.943 GC heap after
{Heap after GC invocations=1987 (full 1938):
 PSYoungGen      total 13312K, used 11264K [0x00000000eab00000, 0x00000000ebc80000, 0x0000000100000000)
  eden space 11264K, 100% used [0x00000000eab00000,0x00000000eb600000,0x00000000eb600000)
  from space 2048K, 0% used [0x00000000eba80000,0x00000000eba80000,0x00000000ebc80000)
  to   space 3072K, 0% used [0x00000000eb600000,0x00000000eb600000,0x00000000eb900000)
 ParOldGen       total 120832K, used 120321K [0x00000000c0000000, 0x00000000c7600000, 0x00000000eab00000)
  object space 120832K, 99% used [0x00000000c0000000,0x00000000c7580548,0x00000000c7600000)
 Metaspace       used 54114K, committed 55168K, reserved 1114112K
  class space    used 5817K, committed 6272K, reserved 1048576K
}
Event: 65.943 GC heap before
{Heap before GC invocations=1988 (full 1939):
 PSYoungGen      total 13312K, used 11264K [0x00000000eab00000, 0x00000000ebc80000, 0x0000000100000000)
  eden space 11264K, 100% used [0x00000000eab00000,0x00000000eb600000,0x00000000eb600000)
  from space 2048K, 0% used [0x00000000eba80000,0x00000000eba80000,0x00000000ebc80000)
  to   space 3072K, 0% used [0x00000000eb600000,0x00000000eb600000,0x00000000eb900000)
 ParOldGen       total 120832K, used 120324K [0x00000000c0000000, 0x00000000c7600000, 0x00000000eab00000)
  object space 120832K, 99% used [0x00000000c0000000,0x00000000c75810d0,0x00000000c7600000)
 Metaspace       used 54114K, committed 55168K, reserved 1114112K
  class space    used 5817K, committed 6272K, reserved 1048576K
}
Event: 65.975 GC heap after
{Heap after GC invocations=1988 (full 1939):
 PSYoungGen      total 14336K, used 11264K [0x00000000eab00000, 0x00000000ebc80000, 0x0000000100000000)
  eden space 11264K, 100% used [0x00000000eab00000,0x00000000eb600000,0x00000000eb600000)
  from space 3072K, 0% used [0x00000000eb600000,0x00000000eb600000,0x00000000eb900000)
  to   space 2048K, 0% used [0x00000000eba80000,0x00000000eba80000,0x00000000ebc80000)
 ParOldGen       total 699392K, used 120322K [0x00000000c0000000, 0x00000000eab00000, 0x00000000eab00000)
  object space 699392K, 17% used [0x00000000c0000000,0x00000000c7580a18,0x00000000eab00000)
 Metaspace       used 54114K, committed 55168K, reserved 1114112K
  class space    used 5817K, committed 6272K, reserved 1048576K
}
Event: 65.975 GC heap before
{Heap before GC invocations=1989 (full 1939):
 PSYoungGen      total 14336K, used 11264K [0x00000000eab00000, 0x00000000ebc80000, 0x0000000100000000)
  eden space 11264K, 100% used [0x00000000eab00000,0x00000000eb600000,0x00000000eb600000)
  from space 3072K, 0% used [0x00000000eb600000,0x00000000eb600000,0x00000000eb900000)
  to   space 2048K, 0% used [0x00000000eba80000,0x00000000eba80000,0x00000000ebc80000)
 ParOldGen       total 699392K, used 120325K [0x00000000c0000000, 0x00000000eab00000, 0x00000000eab00000)
  object space 699392K, 17% used [0x00000000c0000000,0x00000000c7581600,0x00000000eab00000)
 Metaspace       used 54114K, committed 55168K, reserved 1114112K
  class space    used 5817K, committed 6272K, reserved 1048576K
}
Event: 65.981 GC heap after
{Heap after GC invocations=1989 (full 1939):
 PSYoungGen      total 13312K, used 2035K [0x00000000eab00000, 0x00000000ebc80000, 0x0000000100000000)
  eden space 11264K, 0% used [0x00000000eab00000,0x00000000eab00000,0x00000000eb600000)
  from space 2048K, 99% used [0x00000000eba80000,0x00000000ebc7cdc8,0x00000000ebc80000)
  to   space 3072K, 0% used [0x00000000eb600000,0x00000000eb600000,0x00000000eb900000)
 ParOldGen       total 699392K, used 129947K [0x00000000c0000000, 0x00000000eab00000, 0x00000000eab00000)
  object space 699392K, 18% used [0x00000000c0000000,0x00000000c7ee6e38,0x00000000eab00000)
 Metaspace       used 54114K, committed 55168K, reserved 1114112K
  class space    used 5817K, committed 6272K, reserved 1048576K
}

Dll operation events (12 events):
Event: 0.005 Loaded shared library c:\Users\raguv\.vscode\extensions\redhat.java-1.28.1-win32-x64\jre\17.0.10-win32-x86_64\bin\java.dll
Event: 0.086 Loaded shared library c:\Users\raguv\.vscode\extensions\redhat.java-1.28.1-win32-x64\jre\17.0.10-win32-x86_64\bin\zip.dll
Event: 0.088 Loaded shared library C:\Users\raguv\.vscode\extensions\redhat.java-1.28.1-win32-x64\jre\17.0.10-win32-x86_64\bin\instrument.dll
Event: 0.096 Loaded shared library C:\Users\raguv\.vscode\extensions\redhat.java-1.28.1-win32-x64\jre\17.0.10-win32-x86_64\bin\net.dll
Event: 0.097 Loaded shared library C:\Users\raguv\.vscode\extensions\redhat.java-1.28.1-win32-x64\jre\17.0.10-win32-x86_64\bin\nio.dll
Event: 0.101 Loaded shared library C:\Users\raguv\.vscode\extensions\redhat.java-1.28.1-win32-x64\jre\17.0.10-win32-x86_64\bin\zip.dll
Event: 0.110 Loaded shared library C:\Users\raguv\.vscode\extensions\redhat.java-1.28.1-win32-x64\jre\17.0.10-win32-x86_64\bin\jimage.dll
Event: 0.140 Loaded shared library c:\Users\raguv\.vscode\extensions\redhat.java-1.28.1-win32-x64\jre\17.0.10-win32-x86_64\bin\verify.dll
Event: 0.648 Loaded shared library C:\Users\raguv\AppData\Roaming\Code\User\globalStorage\redhat.java\1.28.1\config_win\org.eclipse.equinox.launcher\org.eclipse.equinox.launcher.win32.win32.x86_64_1.2.900.v20240129-1338\eclipse_11900.dll
Event: 1.214 Loaded shared library C:\Users\raguv\.vscode\extensions\redhat.java-1.28.1-win32-x64\jre\17.0.10-win32-x86_64\bin\management.dll
Event: 1.219 Loaded shared library C:\Users\raguv\.vscode\extensions\redhat.java-1.28.1-win32-x64\jre\17.0.10-win32-x86_64\bin\management_ext.dll
Event: 1.863 Loaded shared library C:\Users\raguv\AppData\Local\Temp\jna-1523726357\jna15948995658397658875.dll

Deoptimization events (20 events):
Event: 65.989 Thread 0x0000023bb25d0b50 DEOPT PACKING pc=0x0000023b9a040e42 sp=0x000000975a3feac0
Event: 65.989 Thread 0x0000023bb25d0b50 DEOPT UNPACKING pc=0x0000023ba0b3a9e3 sp=0x000000975a3fe008 mode 0
Event: 65.989 Thread 0x0000023bb25d0b50 DEOPT PACKING pc=0x0000023b9a040e42 sp=0x000000975a3feac0
Event: 65.989 Thread 0x0000023bb25d0b50 DEOPT UNPACKING pc=0x0000023ba0b3a9e3 sp=0x000000975a3fe008 mode 0
Event: 65.990 Thread 0x0000023bb25d0b50 DEOPT PACKING pc=0x0000023b9a040e42 sp=0x000000975a3feac0
Event: 65.990 Thread 0x0000023bb25d0b50 DEOPT UNPACKING pc=0x0000023ba0b3a9e3 sp=0x000000975a3fe008 mode 0
Event: 65.990 Thread 0x0000023bb25d0b50 DEOPT PACKING pc=0x0000023b9a040e42 sp=0x000000975a3feac0
Event: 65.990 Thread 0x0000023bb25d0b50 DEOPT UNPACKING pc=0x0000023ba0b3a9e3 sp=0x000000975a3fe008 mode 0
Event: 65.990 Thread 0x0000023bb25d0b50 DEOPT PACKING pc=0x0000023b9a040e42 sp=0x000000975a3feac0
Event: 65.990 Thread 0x0000023bb25d0b50 DEOPT UNPACKING pc=0x0000023ba0b3a9e3 sp=0x000000975a3fe008 mode 0
Event: 65.990 Thread 0x0000023bb25d0b50 DEOPT PACKING pc=0x0000023b9a040e42 sp=0x000000975a3feac0
Event: 65.990 Thread 0x0000023bb25d0b50 DEOPT UNPACKING pc=0x0000023ba0b3a9e3 sp=0x000000975a3fe008 mode 0
Event: 65.990 Thread 0x0000023bb25d0b50 Uncommon trap: trap_request=0xffffff45 fr.pc=0x0000023ba12b8d94 relative=0x0000000000000254
Event: 65.990 Thread 0x0000023bb25d0b50 Uncommon trap: reason=unstable_if action=reinterpret pc=0x0000023ba12b8d94 method=java.util.HashMap.getNode(Ljava/lang/Object;)Ljava/util/HashMap$Node; @ 66 c2
Event: 65.991 Thread 0x0000023bb25d0b50 DEOPT PACKING pc=0x0000023ba12b8d94 sp=0x000000975a3febf0
Event: 65.991 Thread 0x0000023bb25d0b50 DEOPT UNPACKING pc=0x0000023ba0b39ea3 sp=0x000000975a3feb10 mode 2
Event: 65.991 Thread 0x0000023bb25d0b50 Uncommon trap: trap_request=0xffffff45 fr.pc=0x0000023ba12b8418 relative=0x0000000000000258
Event: 65.991 Thread 0x0000023bb25d0b50 Uncommon trap: reason=unstable_if action=reinterpret pc=0x0000023ba12b8418 method=java.util.HashMap.getNode(Ljava/lang/Object;)Ljava/util/HashMap$Node; @ 66 c2
Event: 65.991 Thread 0x0000023bb25d0b50 DEOPT PACKING pc=0x0000023ba12b8418 sp=0x000000975a3feb10
Event: 65.991 Thread 0x0000023bb25d0b50 DEOPT UNPACKING pc=0x0000023ba0b39ea3 sp=0x000000975a3feaa0 mode 2

Classes unloaded (7 events):
Event: 1.890 Thread 0x0000023b96aa8b80 Unloading class 0x0000000100250400 'java/lang/invoke/LambdaForm$MH+0x0000000100250400'
Event: 1.890 Thread 0x0000023b96aa8b80 Unloading class 0x0000000100250000 'java/lang/invoke/LambdaForm$MH+0x0000000100250000'
Event: 1.890 Thread 0x0000023b96aa8b80 Unloading class 0x000000010024fc00 'java/lang/invoke/LambdaForm$MH+0x000000010024fc00'
Event: 1.890 Thread 0x0000023b96aa8b80 Unloading class 0x000000010024f800 'java/lang/invoke/LambdaForm$MH+0x000000010024f800'
Event: 1.890 Thread 0x0000023b96aa8b80 Unloading class 0x000000010024f400 'java/lang/invoke/LambdaForm$BMH+0x000000010024f400'
Event: 1.890 Thread 0x0000023b96aa8b80 Unloading class 0x000000010024f000 'java/lang/invoke/LambdaForm$DMH+0x000000010024f000'
Event: 1.890 Thread 0x0000023b96aa8b80 Unloading class 0x000000010024c400 'java/lang/invoke/LambdaForm$DMH+0x000000010024c400'

Classes redefined (0 events):
No events

Internal exceptions (20 events):
Event: 3.491 Thread 0x0000023bb2dad700 Exception <a 'java/io/IOException'{0x00000000ebac6408}> (0x00000000ebac6408) 
thrown [s\src\hotspot\share\prims\jni.cpp, line 516]
Event: 3.491 Thread 0x0000023bb2dad700 Exception <a 'java/io/IOException'{0x00000000ebac6718}> (0x00000000ebac6718) 
thrown [s\src\hotspot\share\prims\jni.cpp, line 516]
Event: 3.491 Thread 0x0000023bb2dad700 Exception <a 'java/io/IOException'{0x00000000ebac6a28}> (0x00000000ebac6a28) 
thrown [s\src\hotspot\share\prims\jni.cpp, line 516]
Event: 3.491 Thread 0x0000023bb2dad700 Exception <a 'java/io/IOException'{0x00000000ebac7bd8}> (0x00000000ebac7bd8) 
thrown [s\src\hotspot\share\prims\jni.cpp, line 516]
Event: 3.491 Thread 0x0000023bb2dad700 Exception <a 'java/io/IOException'{0x00000000ebac7ee8}> (0x00000000ebac7ee8) 
thrown [s\src\hotspot\share\prims\jni.cpp, line 516]
Event: 3.491 Thread 0x0000023bb2dad700 Exception <a 'java/io/IOException'{0x00000000ebac81f8}> (0x00000000ebac81f8) 
thrown [s\src\hotspot\share\prims\jni.cpp, line 516]
Event: 3.496 Thread 0x0000023bb2dad700 Exception <a 'java/lang/NoSuchMethodError'{0x00000000ebad76b0}: 'void java.lang.invoke.DirectMethodHandle$Holder.invokeStatic(java.lang.Object, long)'> (0x00000000ebad76b0) 
thrown [s\src\hotspot\share\interpreter\linkResolver.cpp, line 759]
Event: 3.497 Thread 0x0000023bb2dad700 Exception <a 'java/lang/NoSuchMethodError'{0x00000000ebadca58}: 'java.lang.Object java.lang.invoke.DirectMethodHandle$Holder.newInvokeSpecial(java.lang.Object, long)'> (0x00000000ebadca58) 
thrown [s\src\hotspot\share\interpreter\linkResolver.cpp, line 759]
Event: 4.624 Thread 0x0000023bb3c26670 Exception <a 'java/lang/ClassNotFoundException'{0x00000000ebd53b38}: com/sun/org/apache/xerces/internal/impl/msg/spi/DOMMessagesProvider> (0x00000000ebd53b38) 
thrown [s\src\hotspot\share\classfile\systemDictionary.cpp, line 256]
Event: 4.624 Thread 0x0000023bb3c26670 Exception <a 'java/lang/ClassNotFoundException'{0x00000000ebd65518}: com/sun/org/apache/xerces/internal/impl/msg/spi/XMLSerializerMessagesProvider> (0x00000000ebd65518) 
thrown [s\src\hotspot\share\classfile\systemDictionary.cpp, line 256]
Event: 4.625 Thread 0x0000023bb3c26670 Exception <a 'java/lang/ClassNotFoundException'{0x00000000ebd72b58}: com/sun/org/apache/xerces/internal/impl/msg/spi/XMLMessagesProvider> (0x00000000ebd72b58) 
thrown [s\src\hotspot\share\classfile\systemDictionary.cpp, line 256]
Event: 4.631 Thread 0x0000023bb3c26670 Exception <a 'java/io/FileNotFoundException'{0x00000000eab663b8}> (0x00000000eab663b8) 
thrown [s\src\hotspot\share\prims\jni.cpp, line 516]
Event: 4.631 Thread 0x0000023bb3c26670 Exception <a 'java/io/FileNotFoundException'{0x00000000eab6dc10}> (0x00000000eab6dc10) 
thrown [s\src\hotspot\share\prims\jni.cpp, line 516]
Event: 4.633 Thread 0x0000023bb3c26670 Exception <a 'java/io/FileNotFoundException'{0x00000000eab78ba0}> (0x00000000eab78ba0) 
thrown [s\src\hotspot\share\prims\jni.cpp, line 516]
Event: 4.639 Thread 0x0000023bb3c26670 Exception <a 'java/io/FileNotFoundException'{0x00000000eac84998}> (0x00000000eac84998) 
thrown [s\src\hotspot\share\prims\jni.cpp, line 516]
Event: 4.639 Thread 0x0000023bb3c26670 Exception <a 'java/io/FileNotFoundException'{0x00000000eac859a0}> (0x00000000eac859a0) 
thrown [s\src\hotspot\share\prims\jni.cpp, line 516]
Event: 4.639 Thread 0x0000023bb3c26670 Exception <a 'java/io/FileNotFoundException'{0x00000000eac86700}> (0x00000000eac86700) 
thrown [s\src\hotspot\share\prims\jni.cpp, line 516]
Event: 5.279 Thread 0x0000023bb2dadc10 Implicit null exception at 0x0000023ba15e73ac to 0x0000023ba15e749c
Event: 5.970 Thread 0x0000023bb2dadc10 Implicit null exception at 0x0000023ba16cd6e8 to 0x0000023ba16d1074
Event: 65.985 Thread 0x0000023bb25d0b50 Implicit null exception at 0x0000023ba131a2f5 to 0x0000023ba131a582

VM Operations (20 events):
Event: 65.696 Executing VM operation: ParallelGCFailedAllocation
Event: 65.727 Executing VM operation: ParallelGCFailedAllocation done
Event: 65.727 Executing VM operation: ParallelGCFailedAllocation
Event: 65.760 Executing VM operation: ParallelGCFailedAllocation done
Event: 65.760 Executing VM operation: ParallelGCFailedAllocation
Event: 65.791 Executing VM operation: ParallelGCFailedAllocation done
Event: 65.791 Executing VM operation: ParallelGCFailedAllocation
Event: 65.822 Executing VM operation: ParallelGCFailedAllocation done
Event: 65.823 Executing VM operation: ParallelGCFailedAllocation
Event: 65.853 Executing VM operation: ParallelGCFailedAllocation done
Event: 65.853 Executing VM operation: ParallelGCFailedAllocation
Event: 65.882 Executing VM operation: ParallelGCFailedAllocation done
Event: 65.883 Executing VM operation: ParallelGCFailedAllocation
Event: 65.913 Executing VM operation: ParallelGCFailedAllocation done
Event: 65.913 Executing VM operation: ParallelGCFailedAllocation
Event: 65.943 Executing VM operation: ParallelGCFailedAllocation done
Event: 65.943 Executing VM operation: ParallelGCFailedAllocation
Event: 65.975 Executing VM operation: ParallelGCFailedAllocation done
Event: 65.975 Executing VM operation: ParallelGCFailedAllocation
Event: 65.981 Executing VM operation: ParallelGCFailedAllocation done

Events (20 events):
Event: 6.563 Thread 0x0000023bb5b4bba0 Thread exited: 0x0000023bb5b4bba0
Event: 6.796 Thread 0x0000023bb5b4b650 Thread exited: 0x0000023bb5b4b650
Event: 6.796 Thread 0x0000023bb5b4db80 Thread exited: 0x0000023bb5b4db80
Event: 7.305 Thread 0x0000023bb5b4f610 Thread exited: 0x0000023bb5b4f610
Event: 11.265 Thread 0x0000023bb5b4abb0 Thread exited: 0x0000023bb5b4abb0
Event: 11.265 Thread 0x0000023bb5b4d630 Thread exited: 0x0000023bb5b4d630
Event: 11.265 Thread 0x0000023bb1a7fcb0 Thread exited: 0x0000023bb1a7fcb0
Event: 11.265 Thread 0x0000023bafb49c60 Thread exited: 0x0000023bafb49c60
Event: 16.296 Thread 0x0000023bb4eca2e0 Thread exited: 0x0000023bb4eca2e0
Event: 47.267 loading class java/util/concurrent/Executors$DelegatedScheduledExecutorService
Event: 48.871 loading class java/util/concurrent/Executors$DelegatedExecutorService
Event: 49.262 loading class java/util/concurrent/Executors$DelegatedExecutorService done
Event: 49.293 loading class java/util/concurrent/Executors$DelegatedScheduledExecutorService done
Event: 51.517 Thread 0x0000023bb3c27ab0 Thread added: 0x0000023bb3c27ab0
Event: 63.505 Thread 0x0000023bb3c22ec0 Thread exited: 0x0000023bb3c22ec0
Event: 63.545 Thread 0x0000023bb3c24d20 Thread exited: 0x0000023bb3c24d20
Event: 65.984 Thread 0x0000023bb5b4f610 Thread added: 0x0000023bb5b4f610
Event: 65.985 Thread 0x0000023bb5b49120 Thread added: 0x0000023bb5b49120
Event: 65.986 Thread 0x0000023bb5b4eb70 Thread added: 0x0000023bb5b4eb70
Event: 65.999 Thread 0x0000023bb5b4e0d0 Thread added: 0x0000023bb5b4e0d0


Dynamic libraries:
0x00007ff6b7800000 - 0x00007ff6b780e000 	c:\Users\raguv\.vscode\extensions\redhat.java-1.28.1-win32-x64\jre\17.0.10-win32-x86_64\bin\java.exe
0x00007ff8a1070000 - 0x00007ff8a1287000 	C:\WINDOWS\SYSTEM32\ntdll.dll
0x00007ff89fd10000 - 0x00007ff89fdd4000 	C:\WINDOWS\System32\KERNEL32.DLL
0x00007ff89e3b0000 - 0x00007ff89e756000 	C:\WINDOWS\System32\KERNELBASE.dll
0x00007ff89eca0000 - 0x00007ff89edb1000 	C:\WINDOWS\System32\ucrtbase.dll
0x00007ff86c080000 - 0x00007ff86c097000 	c:\Users\raguv\.vscode\extensions\redhat.java-1.28.1-win32-x64\jre\17.0.10-win32-x86_64\bin\jli.dll
0x00007ff86b670000 - 0x00007ff86b68b000 	c:\Users\raguv\.vscode\extensions\redhat.java-1.28.1-win32-x64\jre\17.0.10-win32-x86_64\bin\VCRUNTIME140.dll
0x00007ff89f410000 - 0x00007ff89f5be000 	C:\WINDOWS\System32\USER32.dll
0x00007ff89ec70000 - 0x00007ff89ec96000 	C:\WINDOWS\System32\win32u.dll
0x00007ff887ff0000 - 0x00007ff888283000 	C:\WINDOWS\WinSxS\amd64_microsoft.windows.common-controls_6595b64144ccf1df_6.0.22621.2506_none_270c5ae97388e100\COMCTL32.dll
0x00007ff8a1000000 - 0x00007ff8a1029000 	C:\WINDOWS\System32\GDI32.dll
0x00007ff89f910000 - 0x00007ff89f9b7000 	C:\WINDOWS\System32\msvcrt.dll
0x00007ff89e760000 - 0x00007ff89e878000 	C:\WINDOWS\System32\gdi32full.dll
0x00007ff89ea70000 - 0x00007ff89eb0a000 	C:\WINDOWS\System32\msvcp_win.dll
0x00007ff8a00a0000 - 0x00007ff8a00d1000 	C:\WINDOWS\System32\IMM32.DLL
0x00007ff89b240000 - 0x00007ff89b24c000 	c:\Users\raguv\.vscode\extensions\redhat.java-1.28.1-win32-x64\jre\17.0.10-win32-x86_64\bin\vcruntime140_1.dll
0x00007ff824f70000 - 0x00007ff824ffd000 	c:\Users\raguv\.vscode\extensions\redhat.java-1.28.1-win32-x64\jre\17.0.10-win32-x86_64\bin\msvcp140.dll
0x00007fffe3080000 - 0x00007fffe3ce2000 	c:\Users\raguv\.vscode\extensions\redhat.java-1.28.1-win32-x64\jre\17.0.10-win32-x86_64\bin\server\jvm.dll
0x00007ff89ffd0000 - 0x00007ff8a0083000 	C:\WINDOWS\System32\ADVAPI32.dll
0x00007ff89f760000 - 0x00007ff89f808000 	C:\WINDOWS\System32\sechost.dll
0x00007ff89eb80000 - 0x00007ff89eba8000 	C:\WINDOWS\System32\bcrypt.dll
0x00007ff89f5c0000 - 0x00007ff89f6d7000 	C:\WINDOWS\System32\RPCRT4.dll
0x00007ff89d200000 - 0x00007ff89d24d000 	C:\WINDOWS\SYSTEM32\POWRPROF.dll
0x00007ff8866f0000 - 0x00007ff8866f9000 	C:\WINDOWS\SYSTEM32\WSOCK32.dll
0x00007ff897370000 - 0x00007ff8973a4000 	C:\WINDOWS\SYSTEM32\WINMM.dll
0x00007ff89fc90000 - 0x00007ff89fd01000 	C:\WINDOWS\System32\WS2_32.dll
0x00007ff896f50000 - 0x00007ff896f5a000 	C:\WINDOWS\SYSTEM32\VERSION.dll
0x00007ff89d1e0000 - 0x00007ff89d1f3000 	C:\WINDOWS\SYSTEM32\UMPDC.dll
0x00007ff89d4a0000 - 0x00007ff89d4b8000 	C:\WINDOWS\SYSTEM32\kernel.appcore.dll
0x00007ff886650000 - 0x00007ff88665a000 	c:\Users\raguv\.vscode\extensions\redhat.java-1.28.1-win32-x64\jre\17.0.10-win32-x86_64\bin\jimage.dll
0x00007ff89be40000 - 0x00007ff89c073000 	C:\WINDOWS\SYSTEM32\DBGHELP.DLL
0x00007ff89f070000 - 0x00007ff89f3f9000 	C:\WINDOWS\System32\combase.dll
0x00007ff89fe60000 - 0x00007ff89ff37000 	C:\WINDOWS\System32\OLEAUT32.dll
0x00007ff87e8c0000 - 0x00007ff87e8f2000 	C:\WINDOWS\SYSTEM32\dbgcore.DLL
0x00007ff89e880000 - 0x00007ff89e8fa000 	C:\WINDOWS\System32\bcryptPrimitives.dll
0x00007ff883f80000 - 0x00007ff883f8e000 	c:\Users\raguv\.vscode\extensions\redhat.java-1.28.1-win32-x64\jre\17.0.10-win32-x86_64\bin\instrument.dll
0x00007ff83a670000 - 0x00007ff83a695000 	c:\Users\raguv\.vscode\extensions\redhat.java-1.28.1-win32-x64\jre\17.0.10-win32-x86_64\bin\java.dll
0x00007ff852980000 - 0x00007ff852998000 	c:\Users\raguv\.vscode\extensions\redhat.java-1.28.1-win32-x64\jre\17.0.10-win32-x86_64\bin\zip.dll
0x00007ff8a00e0000 - 0x00007ff8a093b000 	C:\WINDOWS\System32\SHELL32.dll
0x00007ff89c2c0000 - 0x00007ff89cbb6000 	C:\WINDOWS\SYSTEM32\windows.storage.dll
0x00007ff89c180000 - 0x00007ff89c2be000 	C:\WINDOWS\SYSTEM32\wintypes.dll
0x00007ff89f810000 - 0x00007ff89f903000 	C:\WINDOWS\System32\SHCORE.dll
0x00007ff89fb60000 - 0x00007ff89fbbe000 	C:\WINDOWS\System32\shlwapi.dll
0x00007ff89e2e0000 - 0x00007ff89e306000 	C:\WINDOWS\SYSTEM32\profapi.dll
0x00007ff836d80000 - 0x00007ff836d99000 	C:\Users\raguv\.vscode\extensions\redhat.java-1.28.1-win32-x64\jre\17.0.10-win32-x86_64\bin\net.dll
0x00007ff8982f0000 - 0x00007ff898427000 	C:\WINDOWS\SYSTEM32\WINHTTP.dll
0x00007ff89d910000 - 0x00007ff89d979000 	C:\WINDOWS\system32\mswsock.dll
0x00007ff825020000 - 0x00007ff825036000 	C:\Users\raguv\.vscode\extensions\redhat.java-1.28.1-win32-x64\jre\17.0.10-win32-x86_64\bin\nio.dll
0x00007ff863750000 - 0x00007ff863760000 	c:\Users\raguv\.vscode\extensions\redhat.java-1.28.1-win32-x64\jre\17.0.10-win32-x86_64\bin\verify.dll
0x00007ff81d050000 - 0x00007ff81d08e000 	C:\Users\raguv\AppData\Roaming\Code\User\globalStorage\redhat.java\1.28.1\config_win\org.eclipse.equinox.launcher\org.eclipse.equinox.launcher.win32.win32.x86_64_1.2.900.v20240129-1338\eclipse_11900.dll
0x00007ff89f9c0000 - 0x00007ff89fb60000 	C:\WINDOWS\System32\ole32.dll
0x00007ff87e480000 - 0x00007ff87e489000 	C:\Users\raguv\.vscode\extensions\redhat.java-1.28.1-win32-x64\jre\17.0.10-win32-x86_64\bin\management.dll
0x00007ff8680d0000 - 0x00007ff8680db000 	C:\Users\raguv\.vscode\extensions\redhat.java-1.28.1-win32-x64\jre\17.0.10-win32-x86_64\bin\management_ext.dll
0x00007ff89fde0000 - 0x00007ff89fde8000 	C:\WINDOWS\System32\PSAPI.DLL
0x00007ff89db60000 - 0x00007ff89db7b000 	C:\WINDOWS\SYSTEM32\CRYPTSP.dll
0x00007ff89d400000 - 0x00007ff89d435000 	C:\WINDOWS\system32\rsaenh.dll
0x00007ff89d9b0000 - 0x00007ff89d9dc000 	C:\WINDOWS\SYSTEM32\USERENV.dll
0x00007ff89db20000 - 0x00007ff89db2c000 	C:\WINDOWS\SYSTEM32\CRYPTBASE.dll
0x00007ff89ce60000 - 0x00007ff89ce8d000 	C:\WINDOWS\SYSTEM32\IPHLPAPI.DLL
0x00007ff89fdf0000 - 0x00007ff89fdf9000 	C:\WINDOWS\System32\NSI.dll
0x00007ff897d60000 - 0x00007ff897d79000 	C:\WINDOWS\SYSTEM32\dhcpcsvc6.DLL
0x00007ff897d20000 - 0x00007ff897d3f000 	C:\WINDOWS\SYSTEM32\dhcpcsvc.DLL
0x00007ff89ce90000 - 0x00007ff89cf89000 	C:\WINDOWS\SYSTEM32\DNSAPI.dll
0x00007ff84d1e0000 - 0x00007ff84d225000 	C:\Users\raguv\AppData\Local\Temp\jna-1523726357\jna15948995658397658875.dll

dbghelp: loaded successfully - version: 4.0.5 - missing functions: none
symbol engine: initialized successfully - sym options: 0x614 - pdb path: (cannot be retrieved)

VM Arguments:
jvm_args: --add-modules=ALL-SYSTEM --add-opens=java.base/java.util=ALL-UNNAMED --add-opens=java.base/java.lang=ALL-UNNAMED --add-opens=java.base/sun.nio.fs=ALL-UNNAMED -Declipse.application=org.eclipse.jdt.ls.core.id1 -Dosgi.bundles.defaultStartLevel=4 -Declipse.product=org.eclipse.jdt.ls.core.product -Djava.import.generatesMetadataFilesAtProjectRoot=false -DDetectVMInstallationsJob.disabled=true -Dfile.encoding=utf8 -XX:+UseParallelGC -XX:GCTimeRatio=4 -XX:AdaptiveSizePolicyWeight=90 -Dsun.zip.disableMemoryMapping=true -Xmx1G -Xms100m -Xlog:disable -javaagent:c:\Users\raguv\.vscode\extensions\redhat.java-1.28.1-win32-x64\lombok\lombok-1.18.31.jar -XX:+HeapDumpOnOutOfMemoryError -XX:HeapDumpPath=c:\Users\raguv\AppData\Roaming\Code\User\workspaceStorage\d74ad7e08b1ee2bbc59e06258383c57d\redhat.java -Daether.dependencyCollector.impl=bf 
java_command: c:\Users\raguv\.vscode\extensions\redhat.java-1.28.1-win32-x64\server\plugins\org.eclipse.equinox.launcher_1.6.700.v20231214-2017.jar -configuration c:\Users\raguv\AppData\Roaming\Code\User\globalStorage\redhat.java\1.28.1\config_win -data c:\Users\raguv\AppData\Roaming\Code\User\workspaceStorage\d74ad7e08b1ee2bbc59e06258383c57d\redhat.java\jdt_ws --stdio
java_class_path (initial): c:\Users\raguv\.vscode\extensions\redhat.java-1.28.1-win32-x64\server\plugins\org.eclipse.equinox.launcher_1.6.700.v20231214-2017.jar
Launcher Type: SUN_STANDARD

[Global flags]
    uintx AdaptiveSizePolicyWeight                 = 90                                        {product} {command line}
     intx CICompilerCount                          = 12                                        {product} {ergonomic}
    uintx GCTimeRatio                              = 4                                         {product} {command line}
     bool HeapDumpOnOutOfMemoryError               = true                                   {manageable} {command line}
    ccstr HeapDumpPath                             = c:\Users\raguv\AppData\Roaming\Code\User\workspaceStorage\d74ad7e08b1ee2bbc59e06258383c57d\redhat.java         {manageable} {command line}
   size_t InitialHeapSize                          = 104857600                                 {product} {command line}
   size_t MaxHeapSize                              = 1073741824                                {product} {command line}
   size_t MaxNewSize                               = 357564416                                 {product} {ergonomic}
   size_t MinHeapDeltaBytes                        = 524288                                    {product} {ergonomic}
   size_t MinHeapSize                              = 104857600                                 {product} {command line}
   size_t NewSize                                  = 34603008                                  {product} {ergonomic}
    uintx NonNMethodCodeHeapSize                   = 7602480                                {pd product} {ergonomic}
    uintx NonProfiledCodeHeapSize                  = 122027880                              {pd product} {ergonomic}
   size_t OldSize                                  = 70254592                                  {product} {ergonomic}
    uintx ProfiledCodeHeapSize                     = 122027880                              {pd product} {ergonomic}
    uintx ReservedCodeCacheSize                    = 251658240                              {pd product} {ergonomic}
     bool SegmentedCodeCache                       = true                                      {product} {ergonomic}
   size_t SoftMaxHeapSize                          = 1073741824                             {manageable} {ergonomic}
     bool UseCompressedClassPointers               = true                           {product lp64_product} {ergonomic}
     bool UseCompressedOops                        = true                           {product lp64_product} {ergonomic}
     bool UseLargePagesIndividualAllocation        = false                                  {pd product} {ergonomic}
     bool UseParallelGC                            = true                                      {product} {command line}

Logging:
Log output configuration:
 #0: stdout all=off uptime,level,tags
 #1: stderr all=off uptime,level,tags

Environment Variables:
PATH=C:\Program Files\Common Files\Oracle\Java\javapath;C:\Windows\system32;C:\Windows;C:\Windows\System32\Wbem;C:\Windows\System32\WindowsPowerShell\v1.0\;C:\Windows\System32\OpenSSH\;C:\Program Files (x86)\NVIDIA Corporation\PhysX\Common;C:\Program Files\NVIDIA Corporation\NVIDIA NvDLISR;C:\WINDOWS\system32;C:\WINDOWS;C:\WINDOWS\System32\Wbem;C:\WINDOWS\System32\WindowsPowerShell\v1.0\;C:\WINDOWS\System32\OpenSSH\;C:\Program Files\Git\cmd;C:\Program Files\MySQL\MySQL Server 8.0\bin;C:\Program Files\dotnet\;C:\Program Files\PowerShell\7\;C:\Program Files\MySQL\MySQL Shell 8.0\bin\;C:\Users\raguv\AppData\Local\Microsoft\WindowsApps;C:\Program Files\JetBrains\IntelliJ IDEA Community Edition 2023.1\bin;;C:\Users\raguv\AppData\Local\GitHubDesktop\bin;C:\Program Files\Git\bin\;C:\Program Files\Git\cmd\;C:\Users\raguv\AppData\Local\Programs\Microsoft VS Code\bin;C:\Program Files\apache-maven-3.9.2-bin\apache-maven-3.9.2\bin;
USERNAME=brahmabull3
OS=Windows_NT
PROCESSOR_IDENTIFIER=Intel64 Family 6 Model 141 Stepping 1, GenuineIntel
TMP=C:\Users\raguv\AppData\Local\Temp
TEMP=C:\Users\raguv\AppData\Local\Temp



Periodic native trim disabled


---------------  S Y S T E M  ---------------

OS:
 Windows 11 , 64 bit Build 22621 (10.0.22621.3085)
OS uptime: 0 days 13:20 hours
Hyper-V role detected

CPU: total 16 (initial active 16) (8 cores per cpu, 2 threads per core) family 6 model 141 stepping 1 microcode 0x34, cx8, cmov, fxsr, ht, mmx, 3dnowpref, sse, sse2, sse3, ssse3, sse4.1, sse4.2, popcnt, lzcnt, tsc, tscinvbit, avx, avx2, aes, erms, clmul, bmi1, bmi2, adx, avx512f, avx512dq, avx512cd, avx512bw, avx512vl, sha, fma, vzeroupper, avx512_vpopcntdq, avx512_vpclmulqdq, avx512_vaes, avx512_vnni, clflush, clflushopt, clwb, avx512_vbmi2, avx512_vbmi, hv
Processor Information for all 16 processors :
  Max Mhz: 2301, Current Mhz: 2301, Mhz Limit: 2301

Memory: 4k page, system-wide physical 16085M (6573M free)
TotalPageFile size 18991M (AvailPageFile size 3M)
current process WorkingSet (physical memory assigned to process): 361M, peak: 408M
current process commit charge ("private bytes"): 916M, peak: 976M

vm_info: OpenJDK 64-Bit Server VM (17.0.10+7) for windows-amd64 JRE (17.0.10+7), built on Jan 16 2024 23:25:11 by "admin" with MS VC++ 16.10 / 16.11 (VS2019)

END.
